============================= test session starts ==============================
platform linux -- Python 3.13.5, pytest-9.0.2, pluggy-1.6.0 -- /home/fox/Documents/BugBounty-Arsenal/venv/bin/python3
cachedir: .pytest_cache
django: version: 6.0, settings: config.settings (from ini)
rootdir: /home/fox/Documents/BugBounty-Arsenal
configfile: pytest.ini
plugins: asyncio-1.3.0, django-4.11.1, cov-7.0.0
asyncio: mode=Mode.STRICT, debug=False, asyncio_default_fixture_loop_scope=None, asyncio_default_test_loop_scope=function
collecting ... collected 130 items / 35 deselected / 95 selected

tests/test_auth_bypass_detector.py::TestAuthBypassDetector::test_auth_bypass_detector_runs PASSED [  1%]
tests/test_auth_bypass_detector.py::TestAuthBypassDetector::test_auth_bypass_handles_errors PASSED [  2%]
tests/test_brute_force_detector.py::TestBruteForceDetector::test_brute_force_detector_runs PASSED [  3%]
tests/test_brute_force_detector.py::TestBruteForceDetector::test_brute_force_handles_errors PASSED [  4%]
tests/test_business_logic_detector.py::TestBusinessLogicDetector::test_detector_runs_without_errors PASSED [  5%]
tests/test_business_logic_detector.py::TestBusinessLogicDetector::test_detector_handles_timeout PASSED [  6%]
tests/test_business_logic_detector.py::TestBusinessLogicDetector::test_detector_handles_errors PASSED [  7%]
tests/test_cache_poisoning_detector.py::TestCachePoisoningDetector::test_cache_poisoning_detector_runs PASSED [  8%]
tests/test_cache_poisoning_detector.py::TestCachePoisoningDetector::test_cache_poisoning_handles_errors PASSED [  9%]
tests/test_command_injection_detector.py::TestCommandInjectionDetector::test_command_injection_detector_runs FAILED [ 10%]
tests/test_command_injection_detector.py::TestCommandInjectionDetector::test_command_injection_handles_timeout FAILED [ 11%]
tests/test_command_injection_detector.py::TestCommandInjectionDetector::test_command_injection_handles_errors FAILED [ 12%]
tests/test_cors_detector.py::TestCORSDetector::test_cors_detector_runs PASSED [ 13%]
tests/test_cors_detector.py::TestCORSDetector::test_cors_wildcard_with_credentials PASSED [ 14%]
tests/test_cors_detector.py::TestCORSDetector::test_cors_handles_errors PASSED [ 15%]
tests/test_cors_detector.py::TestCORSDetector::test_cors_timeout_handling PASSED [ 16%]
tests/test_csrf_detector.py::TestCSRFDetector::test_detect_form_without_csrf_token PASSED [ 17%]
tests/test_csrf_detector.py::TestCSRFDetector::test_no_detection_with_csrf_token PASSED [ 18%]
tests/test_csrf_detector.py::TestCSRFDetector::test_detect_csrf_variations PASSED [ 20%]
tests/test_csrf_detector.py::TestCSRFDetector::test_multiple_forms PASSED [ 21%]
tests/test_csrf_detector.py::TestCSRFDetector::test_empty_text PASSED    [ 22%]
tests/test_csrf_detector.py::TestCSRFDetector::test_case_insensitive_detection PASSED [ 23%]
tests/test_file_upload_detector.py::TestFileUploadDetector::test_file_upload_detector_runs FAILED [ 24%]
tests/test_file_upload_detector.py::TestFileUploadDetector::test_file_upload_handles_errors FAILED [ 25%]
tests/test_graphql_detector.py::TestGraphQLDetector::test_graphql_detector_runs PASSED [ 26%]
tests/test_graphql_detector.py::TestGraphQLDetector::test_graphql_handles_errors PASSED [ 27%]
tests/test_header_injection_detector.py::TestHeaderInjectionDetector::test_header_injection_detector_runs PASSED [ 28%]
tests/test_header_injection_detector.py::TestHeaderInjectionDetector::test_header_injection_handles_timeout PASSED [ 29%]
tests/test_header_injection_detector.py::TestHeaderInjectionDetector::test_header_injection_handles_errors PASSED [ 30%]
tests/test_idor_detector.py::TestIDORDetector::test_extract_numeric_ids_from_url PASSED [ 31%]
tests/test_idor_detector.py::TestIDORDetector::test_extract_uuid_from_url PASSED [ 32%]
tests/test_idor_detector.py::TestIDORDetector::test_extract_query_param_ids PASSED [ 33%]
tests/test_idor_detector.py::TestIDORDetector::test_idor_detector_runs FAILED [ 34%]
tests/test_idor_detector.py::TestIDORDetector::test_idor_handles_errors FAILED [ 35%]
tests/test_jwt_detector.py::TestJWTDetector::test_detect_jwt_in_text FAILED [ 36%]
tests/test_jwt_detector.py::TestJWTDetector::test_decode_jwt_header FAILED [ 37%]
tests/test_jwt_detector.py::TestJWTDetector::test_detect_algorithm_none FAILED [ 38%]
tests/test_jwt_detector.py::TestJWTDetector::test_jwt_detector_runs FAILED [ 40%]
tests/test_jwt_detector.py::TestJWTDetector::test_jwt_handles_timeout FAILED [ 41%]
tests/test_jwt_detector.py::TestJWTDetector::test_weak_secret_detection PASSED [ 42%]
tests/test_lfi_detector.py::TestLFIDetector::test_lfi_detector_runs FAILED [ 43%]
tests/test_lfi_detector.py::TestLFIDetector::test_lfi_handles_timeout FAILED [ 44%]
tests/test_lfi_detector.py::TestLFIDetector::test_lfi_handles_errors FAILED [ 45%]
tests/test_lfi_detector.py::TestLFIDetector::test_lfi_etc_passwd_detection FAILED [ 46%]
tests/test_nosql_injection_detector.py::TestNoSQLInjectionDetector::test_nosql_injection_detector_runs PASSED [ 47%]
tests/test_nosql_injection_detector.py::TestNoSQLInjectionDetector::test_nosql_handles_timeout PASSED [ 48%]
tests/test_nosql_injection_detector.py::TestNoSQLInjectionDetector::test_nosql_handles_errors PASSED [ 49%]
tests/test_oauth_detector.py::TestOAuthDetector::test_oauth_detector_runs FAILED [ 50%]
tests/test_oauth_detector.py::TestOAuthDetector::test_oauth_handles_errors FAILED [ 51%]
tests/test_open_redirect_detector.py::TestOpenRedirectDetector::test_open_redirect_detector_runs PASSED [ 52%]
tests/test_open_redirect_detector.py::TestOpenRedirectDetector::test_open_redirect_handles_timeout PASSED [ 53%]
tests/test_open_redirect_detector.py::TestOpenRedirectDetector::test_open_redirect_handles_errors PASSED [ 54%]
tests/test_prototype_pollution_detector.py::TestPrototypePollutionDetector::test_prototype_pollution_detector_runs PASSED [ 55%]
tests/test_prototype_pollution_detector.py::TestPrototypePollutionDetector::test_prototype_pollution_handles_errors PASSED [ 56%]
tests/test_race_condition_detector.py::TestRaceConditionDetector::test_race_condition_detector_runs PASSED [ 57%]
tests/test_race_condition_detector.py::TestRaceConditionDetector::test_race_condition_handles_errors PASSED [ 58%]
tests/test_rate_limit_bypass_detector.py::TestRateLimitBypassDetector::test_rate_limit_bypass_detector_runs PASSED [ 60%]
tests/test_rate_limit_bypass_detector.py::TestRateLimitBypassDetector::test_rate_limit_bypass_handles_errors PASSED [ 61%]
tests/test_reflection_detector.py::TestReflectionDetector::test_reflection_detector_runs FAILED [ 62%]
tests/test_reflection_detector.py::TestReflectionDetector::test_reflection_handles_errors FAILED [ 63%]
tests/test_security_headers_detector.py::TestSecurityHeadersDetector::test_security_headers_detector_runs PASSED [ 64%]
tests/test_security_headers_detector.py::TestSecurityHeadersDetector::test_security_headers_missing_csp PASSED [ 65%]
tests/test_security_headers_detector.py::TestSecurityHeadersDetector::test_security_headers_handles_errors PASSED [ 66%]
tests/test_simple.py::TestDetectorBasics::test_import_xss_detector PASSED [ 67%]
tests/test_simple.py::TestDetectorBasics::test_import_sql_detector PASSED [ 68%]
tests/test_simple.py::TestDetectorBasics::test_import_ssrf_detector PASSED [ 69%]
tests/test_simple.py::TestDetectorBasics::test_import_business_logic_detector PASSED [ 70%]
tests/test_simple.py::TestUtilities::test_import_logging_config PASSED   [ 71%]
tests/test_simple.py::TestUtilities::test_import_error_handling PASSED   [ 72%]
tests/test_simple.py::TestUtilities::test_import_pdf_generator PASSED    [ 73%]
tests/test_simple.py::test_detector_returns_list PASSED                  [ 74%]
tests/test_sql_detector.py::TestSQLPatternDetector::test_detect_mysql_error PASSED [ 75%]
tests/test_sql_detector.py::TestSQLPatternDetector::test_detect_postgres_error PASSED [ 76%]
tests/test_sql_detector.py::TestSQLPatternDetector::test_detect_mssql_error PASSED [ 77%]
tests/test_sql_detector.py::TestSQLPatternDetector::test_detect_oracle_error PASSED [ 78%]
tests/test_sql_detector.py::TestSQLPatternDetector::test_detect_sqlite_error PASSED [ 80%]
tests/test_sql_detector.py::TestSQLPatternDetector::test_no_sql_in_safe_text PASSED [ 81%]
tests/test_sql_detector.py::TestSQLPatternDetector::test_empty_text PASSED [ 82%]
tests/test_sql_detector.py::TestSQLPatternDetector::test_case_insensitive_detection PASSED [ 83%]
tests/test_ssrf_oob_detector.py::TestSSRFOOBDetector::test_detector_runs_without_errors PASSED [ 84%]
tests/test_ssrf_oob_detector.py::TestSSRFOOBDetector::test_detector_handles_timeout PASSED [ 85%]
tests/test_ssrf_oob_detector.py::TestSSRFOOBDetector::test_detector_handles_errors PASSED [ 86%]
tests/test_ssti_detector.py::TestSSTIDetector::test_ssti_detector_runs PASSED [ 87%]
tests/test_ssti_detector.py::TestSSTIDetector::test_ssti_handles_timeout PASSED [ 88%]
tests/test_ssti_detector.py::TestSSTIDetector::test_ssti_handles_errors PASSED [ 89%]
tests/test_ssti_detector.py::TestSSTIDetector::test_ssti_jinja2_detection PASSED [ 90%]
tests/test_xss_detector.py::TestXSSPatternDetector::test_detect_script_tag PASSED [ 91%]
tests/test_xss_detector.py::TestXSSPatternDetector::test_detect_javascript_protocol PASSED [ 92%]
tests/test_xss_detector.py::TestXSSPatternDetector::test_detect_event_handlers PASSED [ 93%]
tests/test_xss_detector.py::TestXSSPatternDetector::test_no_xss_in_safe_text PASSED [ 94%]
tests/test_xss_detector.py::TestXSSPatternDetector::test_detect_multiple_indicators PASSED [ 95%]
tests/test_xss_detector.py::TestXSSPatternDetector::test_empty_text PASSED [ 96%]
tests/test_xss_detector.py::TestXSSPatternDetector::test_case_insensitive_detection PASSED [ 97%]
tests/test_xxe_detector.py::TestXXEDetector::test_xxe_detector_runs PASSED [ 98%]
tests/test_xxe_detector.py::TestXXEDetector::test_xxe_handles_errors PASSED [100%]

=========================== short test summary info ============================
FAILED tests/test_command_injection_detector.py::TestCommandInjectionDetector::test_command_injection_detector_runs - TypeError: command_injection_detector() missing 1 required positional argument: 'context'
FAILED tests/test_command_injection_detector.py::TestCommandInjectionDetector::test_command_injection_handles_timeout - TypeError: command_injection_detector() missing 1 required positional argument: 'context'
FAILED tests/test_command_injection_detector.py::TestCommandInjectionDetector::test_command_injection_handles_errors - TypeError: command_injection_detector() missing 1 required positional argument: 'context'
FAILED tests/test_file_upload_detector.py::TestFileUploadDetector::test_file_upload_detector_runs - ImportError: cannot import name 'file_upload_detector' from 'detectors.file_upload_detector' (/home/fox/Documents/BugBounty-Arsenal/detectors/file_upload_detector.py)
FAILED tests/test_file_upload_detector.py::TestFileUploadDetector::test_file_upload_handles_errors - ImportError: cannot import name 'file_upload_detector' from 'detectors.file_upload_detector' (/home/fox/Documents/BugBounty-Arsenal/detectors/file_upload_detector.py)
FAILED tests/test_idor_detector.py::TestIDORDetector::test_idor_detector_runs - ImportError: cannot import name 'detect' from 'detectors.idor_detector' (/home/fox/Documents/BugBounty-Arsenal/detectors/idor_detector.py)
FAILED tests/test_idor_detector.py::TestIDORDetector::test_idor_handles_errors - ImportError: cannot import name 'detect' from 'detectors.idor_detector' (/home/fox/Documents/BugBounty-Arsenal/detectors/idor_detector.py)
FAILED tests/test_jwt_detector.py::TestJWTDetector::test_detect_jwt_in_text - ImportError: cannot import name 'detect_jwt_from_text' from 'detectors.jwt_detector' (/home/fox/Documents/BugBounty-Arsenal/detectors/jwt_detector.py)
FAILED tests/test_jwt_detector.py::TestJWTDetector::test_decode_jwt_header - ImportError: cannot import name 'decode_jwt_part' from 'detectors.jwt_detector' (/home/fox/Documents/BugBounty-Arsenal/detectors/jwt_detector.py)
FAILED tests/test_jwt_detector.py::TestJWTDetector::test_detect_algorithm_none - ImportError: cannot import name 'detect_jwt_from_text' from 'detectors.jwt_detector' (/home/fox/Documents/BugBounty-Arsenal/detectors/jwt_detector.py)
FAILED tests/test_jwt_detector.py::TestJWTDetector::test_jwt_detector_runs - ImportError: cannot import name 'detect' from 'detectors.jwt_detector' (/home/fox/Documents/BugBounty-Arsenal/detectors/jwt_detector.py)
FAILED tests/test_jwt_detector.py::TestJWTDetector::test_jwt_handles_timeout - ImportError: cannot import name 'detect' from 'detectors.jwt_detector' (/home/fox/Documents/BugBounty-Arsenal/detectors/jwt_detector.py)
FAILED tests/test_lfi_detector.py::TestLFIDetector::test_lfi_detector_runs - ModuleNotFoundError: No module named 'payloads'
FAILED tests/test_lfi_detector.py::TestLFIDetector::test_lfi_handles_timeout - ModuleNotFoundError: No module named 'payloads'
FAILED tests/test_lfi_detector.py::TestLFIDetector::test_lfi_handles_errors - ModuleNotFoundError: No module named 'payloads'
FAILED tests/test_lfi_detector.py::TestLFIDetector::test_lfi_etc_passwd_detection - ModuleNotFoundError: No module named 'payloads'
FAILED tests/test_oauth_detector.py::TestOAuthDetector::test_oauth_detector_runs - ImportError: cannot import name 'oauth_detector' from 'detectors.oauth_detector' (/home/fox/Documents/BugBounty-Arsenal/detectors/oauth_detector.py). Did you mean: 'jwt_detector'?
FAILED tests/test_oauth_detector.py::TestOAuthDetector::test_oauth_handles_errors - ImportError: cannot import name 'oauth_detector' from 'detectors.oauth_detector' (/home/fox/Documents/BugBounty-Arsenal/detectors/oauth_detector.py). Did you mean: 'jwt_detector'?
FAILED tests/test_reflection_detector.py::TestReflectionDetector::test_reflection_detector_runs - ImportError: cannot import name 'reflection_detector' from 'detectors.reflection_detector' (/home/fox/Documents/BugBounty-Arsenal/detectors/reflection_detector.py)
FAILED tests/test_reflection_detector.py::TestReflectionDetector::test_reflection_handles_errors - ImportError: cannot import name 'reflection_detector' from 'detectors.reflection_detector' (/home/fox/Documents/BugBounty-Arsenal/detectors/reflection_detector.py)
================ 20 failed, 75 passed, 35 deselected in 10.32s =================
